18. 1. 2023 16:10:59 [NORMAL] - Visual Studio Code v1.74.3 64-bit
18. 1. 2023 16:10:59 [NORMAL] - pwsh.exe started.
18. 1. 2023 16:10:59 [NORMAL] - PowerShell Extension v2022.12.1
18. 1. 2023 16:10:59 [NORMAL] - Language server starting --
18. 1. 2023 16:10:59 [NORMAL] - Operating System: Windows 64-bit
18. 1. 2023 16:10:59 [NORMAL] -     PowerShell executable: C:\Program Files\PowerShell\7\pwsh.exe
18. 1. 2023 16:10:59 [NORMAL] -     PowerShell args: -NoProfile -ExecutionPolicy Bypass -Command Import-Module 'c:\Users\philip\.vscode\extensions\ms-vscode.powershell-2022.12.1\modules\PowerShellEditorServices\PowerShellEditorServices.psd1'; Start-EditorServices -HostName 'Visual Studio Code Host' -HostProfileId 'Microsoft.VSCode' -HostVersion '2022.12.1' -AdditionalModules @('PowerShellEditorServices.VSCode') -BundledModulesPath 'c:\Users\philip\.vscode\extensions\ms-vscode.powershell-2022.12.1\modules' -EnableConsoleRepl -StartupBanner "PowerShell Extension v2022.12.1
Copyright (c) Microsoft Corporation.

https://aka.ms/vscode-powershell
Type 'help' to get help.
" -LogLevel 'Normal' -LogPath 'c:\Users\philip\AppData\Roaming\Code\User\globalStorage\ms-vscode.powershell\logs\1674054659-65a39e91-f1df-4a3e-8b1c-e92f7973961b1674053117033\EditorServices.log' -SessionDetailsPath 'c:\Users\philip\AppData\Roaming\Code\User\globalStorage\ms-vscode.powershell\sessions\PSES-VSCode-11512-622684.json' -FeatureFlags @() 
18. 1. 2023 16:10:59 [NORMAL] -     PowerShell Editor Services args: Import-Module 'c:\Users\philip\.vscode\extensions\ms-vscode.powershell-2022.12.1\modules\PowerShellEditorServices\PowerShellEditorServices.psd1'; Start-EditorServices -HostName 'Visual Studio Code Host' -HostProfileId 'Microsoft.VSCode' -HostVersion '2022.12.1' -AdditionalModules @('PowerShellEditorServices.VSCode') -BundledModulesPath 'c:\Users\philip\.vscode\extensions\ms-vscode.powershell-2022.12.1\modules' -EnableConsoleRepl -StartupBanner "PowerShell Extension v2022.12.1
Copyright (c) Microsoft Corporation.

https://aka.ms/vscode-powershell
Type 'help' to get help.
" -LogLevel 'Normal' -LogPath 'c:\Users\philip\AppData\Roaming\Code\User\globalStorage\ms-vscode.powershell\logs\1674054659-65a39e91-f1df-4a3e-8b1c-e92f7973961b1674053117033\EditorServices.log' -SessionDetailsPath 'c:\Users\philip\AppData\Roaming\Code\User\globalStorage\ms-vscode.powershell\sessions\PSES-VSCode-11512-622684.json' -FeatureFlags @() 
18. 1. 2023 16:10:59 [NORMAL] - Waiting for session file...
18. 1. 2023 16:11:01 [NORMAL] - Session file found!
18. 1. 2023 16:11:01 [NORMAL] - pwsh.exe PID: 7656
18. 1. 2023 16:11:01 [NORMAL] - Language server started.
18. 1. 2023 16:11:01 [NORMAL] - Connecting to language service on pipe: \\.\pipe\PSES_qgjo3eoq.mb3
18. 1. 2023 16:11:01 [NORMAL] - Session details: {"status":"started","languageServiceTransport":"NamedPipe","languageServicePipeName":"\\\\.\\pipe\\PSES_qgjo3eoq.mb3","debugServiceTransport":"NamedPipe","debugServicePipeName":"\\\\.\\pipe\\PSES_4yecznio.yla"}
18. 1. 2023 16:11:01 [NORMAL] - Language service socket connected.
