9. 2. 2023 12:43:59 [NORMAL] - Visual Studio Code v1.74.3 64-bit
9. 2. 2023 12:44:02 [NORMAL] - Language server starting --
9. 2. 2023 12:44:02 [NORMAL] -     PowerShell executable: C:\Program Files\PowerShell\7\pwsh.exe
9. 2. 2023 12:44:02 [NORMAL] -     PowerShell args: -NoProfile -ExecutionPolicy Bypass -Command Import-Module 'c:\Users\philip\.vscode\extensions\ms-vscode.powershell-2023.1.0\modules\PowerShellEditorServices\PowerShellEditorServices.psd1'; Start-EditorServices -HostName 'Visual Studio Code Host' -HostProfileId 'Microsoft.VSCode' -HostVersion '2023.1.0' -AdditionalModules @('PowerShellEditorServices.VSCode') -BundledModulesPath 'c:\Users\philip\.vscode\extensions\ms-vscode.powershell-2023.1.0\modules' -EnableConsoleRepl -StartupBanner "PowerShell Extension v2023.1.0
Copyright (c) Microsoft Corporation.

https://aka.ms/vscode-powershell
Type 'help' to get help.
" -LogLevel 'Normal' -LogPath 'c:\Users\philip\AppData\Roaming\Code\User\globalStorage\ms-vscode.powershell\logs\1675943037-05f1301f-a027-4687-9681-d514eb1db5c21675943033680\EditorServices.log' -SessionDetailsPath 'c:\Users\philip\AppData\Roaming\Code\User\globalStorage\ms-vscode.powershell\sessions\PSES-VSCode-20412-628575.json' -FeatureFlags @() 
9. 2. 2023 12:44:02 [NORMAL] -     PowerShell Editor Services args: Import-Module 'c:\Users\philip\.vscode\extensions\ms-vscode.powershell-2023.1.0\modules\PowerShellEditorServices\PowerShellEditorServices.psd1'; Start-EditorServices -HostName 'Visual Studio Code Host' -HostProfileId 'Microsoft.VSCode' -HostVersion '2023.1.0' -AdditionalModules @('PowerShellEditorServices.VSCode') -BundledModulesPath 'c:\Users\philip\.vscode\extensions\ms-vscode.powershell-2023.1.0\modules' -EnableConsoleRepl -StartupBanner "PowerShell Extension v2023.1.0
Copyright (c) Microsoft Corporation.

https://aka.ms/vscode-powershell
Type 'help' to get help.
" -LogLevel 'Normal' -LogPath 'c:\Users\philip\AppData\Roaming\Code\User\globalStorage\ms-vscode.powershell\logs\1675943037-05f1301f-a027-4687-9681-d514eb1db5c21675943033680\EditorServices.log' -SessionDetailsPath 'c:\Users\philip\AppData\Roaming\Code\User\globalStorage\ms-vscode.powershell\sessions\PSES-VSCode-20412-628575.json' -FeatureFlags @() 
9. 2. 2023 12:44:00 [NORMAL] - PowerShell Extension v2023.1.0
9. 2. 2023 12:44:02 [NORMAL] - pwsh.exe started.
9. 2. 2023 12:44:02 [NORMAL] - Waiting for session file...
9. 2. 2023 12:44:00 [NORMAL] - Operating System: Windows 64-bit
9. 2. 2023 12:44:09 [NORMAL] - Session file found!
9. 2. 2023 12:44:09 [NORMAL] - pwsh.exe PID: 26120
9. 2. 2023 12:44:09 [NORMAL] - Language server started.
9. 2. 2023 12:44:09 [NORMAL] - Connecting to language service on pipe: \\.\pipe\PSES_4gktykrf.ks5
9. 2. 2023 12:44:09 [NORMAL] - Session details: {"status":"started","languageServiceTransport":"NamedPipe","languageServicePipeName":"\\\\.\\pipe\\PSES_4gktykrf.ks5","debugServiceTransport":"NamedPipe","debugServicePipeName":"\\\\.\\pipe\\PSES_pjcpd3wf.scc"}
9. 2. 2023 12:44:09 [NORMAL] - Language service socket connected.
