Folder PATH listing laravel aimeos
Volume serial number is A0EE-0AF2
C:.
│   .coveralls.yml
│   build.xml
│   composer.json
│   LICENSE
│   phpunit.xml
│   README.md
│   tree.log
│   
├───.circleci
│       config.yml
│       
├───config
│       default.php
│       shop.php
│       
├───public
│   └───mimeicons
│       │   unknown.png
│       │   
│       ├───application
│       │       illustrator.png
│       │       javascript.png
│       │       msword.png
│       │       octet-stream.png
│       │       pdf.png
│       │       pgp-encrypted.png
│       │       pgp-keys.png
│       │       pkcs7-mime.png
│       │       postscript.png
│       │       relaxng.png
│       │       rss+xml.png
│       │       rtf.png
│       │       sxw.png
│       │       vnd.ms-access.png
│       │       vnd.ms-excel.png
│       │       vnd.ms-powerpoint.png
│       │       vnd.oasis.opendocument.chart.png
│       │       vnd.oasis.opendocument.database.png
│       │       vnd.oasis.opendocument.formula.png
│       │       vnd.oasis.opendocument.graphics.png
│       │       vnd.oasis.opendocument.image.png
│       │       vnd.oasis.opendocument.presentation-template.png
│       │       vnd.oasis.opendocument.presentation.png
│       │       vnd.oasis.opendocument.spreadsheet-template.png
│       │       vnd.oasis.opendocument.spreadsheet.png
│       │       vnd.oasis.opendocument.text.png
│       │       vnd.rn-realmedia.png
│       │       vnd.scribus.png
│       │       vnd.stardivision.calc.png
│       │       vnd.stardivision.draw.png
│       │       vnd.sun.xml.calc.png
│       │       vnd.sun.xml.calc.template.png
│       │       vnd.sun.xml.draw.png
│       │       vnd.sun.xml.draw.template.png
│       │       x-7z-compressed.png
│       │       x-ace.png
│       │       x-applix-spreadsheet.png
│       │       x-ar.png
│       │       x-arc.png
│       │       x-archive.png
│       │       x-arj.png
│       │       x-awk.png
│       │       x-bittorrent.png
│       │       x-bzdvi.png
│       │       x-bzip-compressed-tar.png
│       │       x-bzip.png
│       │       x-cd-image.png
│       │       x-cda.png
│       │       x-compress.png
│       │       x-compressed-tar.png
│       │       x-cpio.png
│       │       x-cue.png
│       │       x-deb.png
│       │       x-designer.png
│       │       x-desktop.png
│       │       x-egon.png
│       │       x-executable-script.png
│       │       x-executable.png
│       │       x-font-afm.png
│       │       x-font-bdf.png
│       │       x-font-otf.png
│       │       x-font-pcf.png
│       │       x-font-snf.png
│       │       x-font-ttf.png
│       │       x-font-type1.png
│       │       x-gnumeric.png
│       │       x-gzdvi.png
│       │       x-gzip.png
│       │       x-gzpostscript.png
│       │       x-java-applet.png
│       │       x-java-archive.png
│       │       x-java.png
│       │       x-javascript.png
│       │       x-k3b.png
│       │       x-kcsrc.png
│       │       x-kgetlist.png
│       │       x-kontour.png
│       │       x-kplato.png
│       │       x-krita.png
│       │       x-kvtml.png
│       │       x-lha.png
│       │       x-lyx.png
│       │       x-lzma-compressed-tar.png
│       │       x-lzop.png
│       │       x-m4.png
│       │       x-marble.png
│       │       x-mimearchive.png
│       │       x-mplayer2.png
│       │       x-ms-dos-executable.png
│       │       x-mswinurl.png
│       │       x-mswrite.png
│       │       x-nzb.png
│       │       x-object.png
│       │       x-pak.png
│       │       x-pem-key.png
│       │       x-perl.png
│       │       x-php.png
│       │       x-plasma.png
│       │       x-python-bytecode.png
│       │       x-qet-element.png
│       │       x-qet-project.png
│       │       x-quattropro.png
│       │       x-rar.png
│       │       x-rpm.png
│       │       x-ruby.png
│       │       x-sharedlib.png
│       │       x-shellscript.png
│       │       x-shockwave-flash.png
│       │       x-siag.png
│       │       x-smb-server.png
│       │       x-smb-workgroup.png
│       │       x-subrip.png
│       │       x-tar.png
│       │       x-tarz.png
│       │       x-tgif.png
│       │       x-trash.png
│       │       x-troff-man.png
│       │       x-tzo.png
│       │       x-wmf.png
│       │       x-zerosize.png
│       │       x-zoo.png
│       │       xhtml+xml.png
│       │       xml.png
│       │       xsd.png
│       │       xslt+xml.png
│       │       zip.png
│       │       
│       ├───audio
│       │       ac3.png
│       │       midi.png
│       │       prs.sid.png
│       │       vnd.rn-realvideo.png
│       │       x-adpcm.png
│       │       x-aiff.png
│       │       x-flac+ogg.png
│       │       x-flac.png
│       │       x-generic.png
│       │       x-monkey.png
│       │       x-speex+ogg.png
│       │       x-wav.png
│       │       
│       ├───fonts
│       │       package.png
│       │       
│       ├───image
│       │       svg+xml-compressed.png
│       │       svg+xml.png
│       │       x-eps.png
│       │       x-generic.png
│       │       x-vnd.trolltech.qpicture.png
│       │       x-xfig.png
│       │       
│       ├───inode
│       │       directory.png
│       │       
│       ├───message
│       │       news.png
│       │       rfc822.png
│       │       
│       ├───package
│       │       x-generic.png
│       │       
│       ├───text
│       │       calendar.png
│       │       css.png
│       │       csv.png
│       │       directory.png
│       │       enriched.png
│       │       html.png
│       │       mathml.png
│       │       plain.png
│       │       rdf.png
│       │       rtf.png
│       │       sgml.png
│       │       troff.png
│       │       vcalendar.png
│       │       vnd.abc.png
│       │       vnd.wap.wml.png
│       │       x-adasrc.png
│       │       x-authors.png
│       │       x-bibtex.png
│       │       x-c++hdr.png
│       │       x-c++src.png
│       │       x-changelog.png
│       │       x-chdr.png
│       │       x-cmake.png
│       │       x-copying.png
│       │       x-csharp.png
│       │       x-csrc.png
│       │       x-dtd.png
│       │       x-generic.png
│       │       x-haskell.png
│       │       x-hex.png
│       │       x-install.png
│       │       x-java.png
│       │       x-katefilelist.png
│       │       x-ldif.png
│       │       x-log.png
│       │       x-makefile.png
│       │       x-nfo.png
│       │       x-objchdr.png
│       │       x-objcsrc.png
│       │       x-pascal.png
│       │       x-patch.png
│       │       x-po.png
│       │       x-python.png
│       │       x-readme.png
│       │       x-script.png
│       │       x-sql.png
│       │       x-tcl.png
│       │       x-tex.png
│       │       x-texinfo.png
│       │       x-vcard.png
│       │       x-xslfo.png
│       │       xmcd.png
│       │       xml.png
│       │       
│       ├───uri
│       │       mms.png
│       │       mmst.png
│       │       mmsu.png
│       │       pnm.png
│       │       rtspt.png
│       │       rtspu.png
│       │       
│       └───video
│               mp4.png
│               webm.png
│               x-generic.png
│               x-mng.png
│               x-wmv.png
│               
├───routes
│       aimeos.php
│       
├───src
│   │   Composer.php
│   │   helpers.php
│   │   ShopServiceProvider.php
│   │   
│   ├───Base
│   │       Aimeos.php
│   │       Config.php
│   │       Context.php
│   │       I18n.php
│   │       Locale.php
│   │       Shop.php
│   │       Support.php
│   │       View.php
│   │       
│   ├───Command
│   │       AbstractCommand.php
│   │       AccountCommand.php
│   │       ClearCommand.php
│   │       JobsCommand.php
│   │       SetupCommand.php
│   │       
│   ├───Controller
│   │       AccountController.php
│   │       AdminController.php
│   │       BasketController.php
│   │       CatalogController.php
│   │       CheckoutController.php
│   │       GraphqlController.php
│   │       JqadmController.php
│   │       JsonadmController.php
│   │       JsonapiController.php
│   │       PageController.php
│   │       SupplierController.php
│   │       
│   └───Facades
│           Attribute.php
│           Basket.php
│           Catalog.php
│           Cms.php
│           Customer.php
│           Locale.php
│           Order.php
│           Product.php
│           Service.php
│           Shop.php
│           Stock.php
│           Subscription.php
│           Supplier.php
│           
├───tests
│   │   AimeosTestAbstract.php
│   │   HelpersTest.php
│   │   
│   ├───Base
│   │       AimeosTest.php
│   │       ConfigTest.php
│   │       ContextTest.php
│   │       I18nTest.php
│   │       LocaleTest.php
│   │       SupportTest.php
│   │       ViewTest.php
│   │       
│   ├───Command
│   │       AccountCommandTest.php
│   │       ClearCommandTest.php
│   │       JobsCommandTest.php
│   │       SetupCommandTest.php
│   │       
│   ├───Controller
│   │       AccountControllerTest.php
│   │       AdminControllerTest.php
│   │       BasketControllerTest.php
│   │       CatalogControllerTest.php
│   │       CheckoutControllerTest.php
│   │       GraphqlControllerTest.php
│   │       JqadmControllerTest.php
│   │       JsonadmControllerTest.php
│   │       JsonapiControllerTest.php
│   │       PageControllerTest.php
│   │       SupplierControllerTest.php
│   │       
│   └───fixtures
│       └───views
│               app.blade.php
│               
└───views
    │   base.blade.php
    │   
    ├───account
    │       index.blade.php
    │       
    ├───admin
    │       index.blade.php
    │       
    ├───basket
    │       index.blade.php
    │       
    ├───catalog
    │       count.blade.php
    │       detail.blade.php
    │       home.blade.php
    │       list.blade.php
    │       session.blade.php
    │       stock.blade.php
    │       suggest.blade.php
    │       tree.blade.php
    │       
    ├───checkout
    │       confirm.blade.php
    │       index.blade.php
    │       update.blade.php
    │       
    ├───jqadm
    │       index.blade.php
    │       
    ├───page
    │       index.blade.php
    │       
    └───supplier
            detail.blade.php
            
