6/20/2023 11:26:21 AM [NORMAL] - Visual Studio Code v1.76.2 64-bit
6/20/2023 11:26:21 AM [NORMAL] - Language server starting --
6/20/2023 11:26:21 AM [NORMAL] - PowerShell Extension v2023.5.0
6/20/2023 11:26:24 AM [NORMAL] - Session file found!
6/20/2023 11:26:21 AM [NORMAL] - Operating System: Windows 64-bit
6/20/2023 11:26:21 AM [NORMAL] -     PowerShell executable: C:\Program Files\PowerShell\7\pwsh.exe
6/20/2023 11:26:21 AM [NORMAL] -     PowerShell args: -NoProfile -ExecutionPolicy Bypass -Command Import-Module 'c:\Users\philip\.vscode\extensions\ms-vscode.powershell-2023.5.0\modules\PowerShellEditorServices\PowerShellEditorServices.psd1'; Start-EditorServices -HostName 'Visual Studio Code Host' -HostProfileId 'Microsoft.VSCode' -HostVersion '2023.5.0' -AdditionalModules @('PowerShellEditorServices.VSCode') -BundledModulesPath 'c:\Users\philip\.vscode\extensions\ms-vscode.powershell-2023.5.0\modules' -EnableConsoleRepl -StartupBanner "PowerShell Extension v2023.5.0
Copyright (c) Microsoft Corporation.

https://aka.ms/vscode-powershell
Type 'help' to get help.
" -LogLevel 'Normal' -LogPath 'c:\Users\philip\AppData\Roaming\Code\User\globalStorage\ms-vscode.powershell\logs\1687253181-68dd0132-9aaa-4d04-a8fe-3d8dce6f33cd1687253178501\EditorServices.log' -SessionDetailsPath 'c:\Users\philip\AppData\Roaming\Code\User\globalStorage\ms-vscode.powershell\sessions\PSES-VSCode-46036-303727.json' -FeatureFlags @() 
6/20/2023 11:26:21 AM [NORMAL] -     PowerShell Editor Services args: Import-Module 'c:\Users\philip\.vscode\extensions\ms-vscode.powershell-2023.5.0\modules\PowerShellEditorServices\PowerShellEditorServices.psd1'; Start-EditorServices -HostName 'Visual Studio Code Host' -HostProfileId 'Microsoft.VSCode' -HostVersion '2023.5.0' -AdditionalModules @('PowerShellEditorServices.VSCode') -BundledModulesPath 'c:\Users\philip\.vscode\extensions\ms-vscode.powershell-2023.5.0\modules' -EnableConsoleRepl -StartupBanner "PowerShell Extension v2023.5.0
Copyright (c) Microsoft Corporation.

https://aka.ms/vscode-powershell
Type 'help' to get help.
" -LogLevel 'Normal' -LogPath 'c:\Users\philip\AppData\Roaming\Code\User\globalStorage\ms-vscode.powershell\logs\1687253181-68dd0132-9aaa-4d04-a8fe-3d8dce6f33cd1687253178501\EditorServices.log' -SessionDetailsPath 'c:\Users\philip\AppData\Roaming\Code\User\globalStorage\ms-vscode.powershell\sessions\PSES-VSCode-46036-303727.json' -FeatureFlags @() 
6/20/2023 11:26:21 AM [NORMAL] - pwsh.exe started.
6/20/2023 11:26:23 AM [NORMAL] - pwsh.exe PID: 49528
6/20/2023 11:26:23 AM [NORMAL] - Waiting for session file...
6/20/2023 11:26:24 AM [NORMAL] - Language server started.
6/20/2023 11:26:24 AM [NORMAL] - Connecting to language service on pipe: \\.\pipe\PSES_wfrpkcmg.sa0
6/20/2023 11:26:24 AM [NORMAL] - Session details: {"status":"started","languageServiceTransport":"NamedPipe","languageServicePipeName":"\\\\.\\pipe\\PSES_wfrpkcmg.sa0","debugServiceTransport":"NamedPipe","debugServicePipeName":"\\\\.\\pipe\\PSES_3vsr2wct.0n0","powerShellVersion":"7.3.4"}
6/20/2023 11:26:24 AM [NORMAL] - Language service socket connected.
