Folder PATH listing WebRESUME/Portfolio
Volume serial number is A0EE-0AF2
C:.
│   blog-home-alt.html
│   blog-home.html
│   blog-post.html
│   contact.html
│   darkmode-button.html
│   DevCardEN.code-workspace
│   favicon.ico
│   footer.html
│   index.html
│   navbar-raw.js
│   navbar-state2.html
│   navbar-state2.js
│   navbar-state3.html
│   navbar-state3.js
│   navbar.html
│   navbar.js
│   portfolio.html
│   project.html
│   resume.html
│   services.html
│   tree.log
│   
└───assets
    ├───css
    │       dark.css
    │       theme-1-copy.css
    │       theme-1-dark.css
    │       theme-1-light.css
    │       theme-1-Pistacio.css
    │       theme-1-pretty+.css
    │       theme-1-pretty-violet.css
    │       theme-1-pretty.css
    │       theme-1-pretty_Malfunction.css
    │       theme-1-Violet.css
    │       theme-1-_Violet_backup.css
    │       theme-1.css
    │       
    ├───fontawesome
    │   ├───css
    │   │       all.css
    │   │       all.min.css
    │   │       brands.css
    │   │       brands.min.css
    │   │       fontawesome.css
    │   │       fontawesome.min.css
    │   │       regular.css
    │   │       regular.min.css
    │   │       solid.css
    │   │       solid.min.css
    │   │       svg-with-js.css
    │   │       svg-with-js.min.css
    │   │       v4-shims.css
    │   │       v4-shims.min.css
    │   │       
    │   ├───js
    │   │       all.js
    │   │       all.min.js
    │   │       brands.js
    │   │       brands.min.js
    │   │       conflict-detection.js
    │   │       conflict-detection.min.js
    │   │       fontawesome.js
    │   │       fontawesome.min.js
    │   │       regular.js
    │   │       regular.min.js
    │   │       solid.js
    │   │       solid.min.js
    │   │       v4-shims.js
    │   │       v4-shims.min.js
    │   │       
    │   ├───metadata
    │   │       categories.yml
    │   │       icons.json
    │   │       icons.yml
    │   │       shims.json
    │   │       shims.yml
    │   │       sponsors.yml
    │   │       
    │   ├───scss
    │   │       brands.scss
    │   │       fontawesome.scss
    │   │       regular.scss
    │   │       solid.scss
    │   │       v4-shims.scss
    │   │       _animated.scss
    │   │       _bordered-pulled.scss
    │   │       _core.scss
    │   │       _fixed-width.scss
    │   │       _icons.scss
    │   │       _larger.scss
    │   │       _list.scss
    │   │       _mixins.scss
    │   │       _rotated-flipped.scss
    │   │       _screen-reader.scss
    │   │       _shims.scss
    │   │       _stacked.scss
    │   │       _variables.scss
    │   │       
    │   ├───sprites
    │   │       brands.svg
    │   │       regular.svg
    │   │       solid.svg
    │   │       
    │   ├───svgs
    │   │   ├───brands
    │   │   │       
    │   │   │       
    │   │   ├───regular
    │   │   │       
    │   │   │       
    │   │   └───solid
    │   │           ad.svg
    │   │           address-book.svg
    │   │           address-card.svg
    │   │           adjust.svg
    │   │           air-freshener.svg
    │   │           align-center.svg
    │   │           align-justify.svg
    │   │           align-left.svg
    │   │           align-right.svg
    │   │           allergies.svg
    │   │           ambulance.svg
    │   │           american-sign-language-interpreting.svg
    │   │           anchor.svg
    │   │           angle-double-down.svg
    │   │           angle-double-left.svg
    │   │           angle-double-right.svg
    │   │           angle-double-up.svg
    │   │           angle-down.svg
    │   │           angle-left.svg
    │   │           angle-right.svg
    │   │           angle-up.svg
    │   │           angry.svg
    │   │           ankh.svg
    │   │           apple-alt.svg
    │   │           archive.svg
    │   │           archway.svg
    │   │           arrow-alt-circle-down.svg
    │   │           arrow-alt-circle-left.svg
    │   │           arrow-alt-circle-right.svg
    │   │           arrow-alt-circle-up.svg
    │   │           arrow-circle-down.svg
    │   │           arrow-circle-left.svg
    │   │           arrow-circle-right.svg
    │   │           arrow-circle-up.svg
    │   │           arrow-down.svg
    │   │           arrow-left.svg
    │   │           arrow-right.svg
    │   │           arrow-up.svg
    │   │           arrows-alt-h.svg
    │   │           arrows-alt-v.svg
    │   │           arrows-alt.svg
    │   │           assistive-listening-systems.svg
    │   │           asterisk.svg
    │   │           at.svg
    │   │           atlas.svg
    │   │           atom.svg
    │   │           audio-description.svg
    │   │           award.svg
    │   │           baby-carriage.svg
    │   │           baby.svg
    │   │           backspace.svg
    │   │           backward.svg
    │   │           bacon.svg
    │   │           balance-scale-left.svg
    │   │           balance-scale-right.svg
    │   │           balance-scale.svg
    │   │           ban.svg
    │   │           band-aid.svg
    │   │           barcode.svg
    │   │           bars.svg
    │   │           baseball-ball.svg
    │   │           basketball-ball.svg
    │   │           bath.svg
    │   │           battery-empty.svg
    │   │           battery-full.svg
    │   │           battery-half.svg
    │   │           battery-quarter.svg
    │   │           battery-three-quarters.svg
    │   │           bed.svg
    │   │           beer.svg
    │   │           bell-slash.svg
    │   │           bell.svg
    │   │           bezier-curve.svg
    │   │           bible.svg
    │   │           bicycle.svg
    │   │           biking.svg
    │   │           binoculars.svg
    │   │           biohazard.svg
    │   │           birthday-cake.svg
    │   │           blender-phone.svg
    │   │           blender.svg
    │   │           blind.svg
    │   │           blog.svg
    │   │           bold.svg
    │   │           bolt.svg
    │   │           bomb.svg
    │   │           bone.svg
    │   │           bong.svg
    │   │           book-dead.svg
    │   │           book-medical.svg
    │   │           book-open.svg
    │   │           book-reader.svg
    │   │           book.svg
    │   │           bookmark.svg
    │   │           border-all.svg
    │   │           border-none.svg
    │   │           border-style.svg
    │   │           bowling-ball.svg
    │   │           box-open.svg
    │   │           box.svg
    │   │           boxes.svg
    │   │           braille.svg
    │   │           brain.svg
    │   │           bread-slice.svg
    │   │           briefcase-medical.svg
    │   │           briefcase.svg
    │   │           broadcast-tower.svg
    │   │           broom.svg
    │   │           brush.svg
    │   │           bug.svg
    │   │           building.svg
    │   │           bullhorn.svg
    │   │           bullseye.svg
    │   │           burn.svg
    │   │           bus-alt.svg
    │   │           bus.svg
    │   │           business-time.svg
    │   │           calculator.svg
    │   │           calendar-alt.svg
    │   │           calendar-check.svg
    │   │           calendar-day.svg
    │   │           calendar-minus.svg
    │   │           calendar-plus.svg
    │   │           calendar-times.svg
    │   │           calendar-week.svg
    │   │           calendar.svg
    │   │           camera-retro.svg
    │   │           camera.svg
    │   │           campground.svg
    │   │           candy-cane.svg
    │   │           cannabis.svg
    │   │           capsules.svg
    │   │           car-alt.svg
    │   │           car-battery.svg
    │   │           car-crash.svg
    │   │           car-side.svg
    │   │           car.svg
    │   │           caret-down.svg
    │   │           caret-left.svg
    │   │           caret-right.svg
    │   │           caret-square-down.svg
    │   │           caret-square-left.svg
    │   │           caret-square-right.svg
    │   │           caret-square-up.svg
    │   │           caret-up.svg
    │   │           carrot.svg
    │   │           cart-arrow-down.svg
    │   │           cart-plus.svg
    │   │           cash-register.svg
    │   │           cat.svg
    │   │           certificate.svg
    │   │           chair.svg
    │   │           chalkboard-teacher.svg
    │   │           chalkboard.svg
    │   │           charging-station.svg
    │   │           chart-area.svg
    │   │           chart-bar.svg
    │   │           chart-line.svg
    │   │           chart-pie.svg
    │   │           check-circle.svg
    │   │           check-double.svg
    │   │           check-square.svg
    │   │           check.svg
    │   │           cheese.svg
    │   │           chess-bishop.svg
    │   │           chess-board.svg
    │   │           chess-king.svg
    │   │           chess-knight.svg
    │   │           chess-pawn.svg
    │   │           chess-queen.svg
    │   │           chess-rook.svg
    │   │           chess.svg
    │   │           chevron-circle-down.svg
    │   │           chevron-circle-left.svg
    │   │           chevron-circle-right.svg
    │   │           chevron-circle-up.svg
    │   │           chevron-down.svg
    │   │           chevron-left.svg
    │   │           chevron-right.svg
    │   │           chevron-up.svg
    │   │           child.svg
    │   │           church.svg
    │   │           circle-notch.svg
    │   │           circle.svg
    │   │           city.svg
    │   │           clinic-medical.svg
    │   │           clipboard-check.svg
    │   │           clipboard-list.svg
    │   │           clipboard.svg
    │   │           clock.svg
    │   │           clone.svg
    │   │           closed-captioning.svg
    │   │           cloud-download-alt.svg
    │   │           cloud-meatball.svg
    │   │           cloud-moon-rain.svg
    │   │           cloud-moon.svg
    │   │           cloud-rain.svg
    │   │           cloud-showers-heavy.svg
    │   │           cloud-sun-rain.svg
    │   │           cloud-sun.svg
    │   │           cloud-upload-alt.svg
    │   │           cloud.svg
    │   │           cocktail.svg
    │   │           code-branch.svg
    │   │           code.svg
    │   │           coffee.svg
    │   │           cog.svg
    │   │           cogs.svg
    │   │           coins.svg
    │   │           columns.svg
    │   │           comment-alt.svg
    │   │           comment-dollar.svg
    │   │           comment-dots.svg
    │   │           comment-medical.svg
    │   │           comment-slash.svg
    │   │           comment.svg
    │   │           comments-dollar.svg
    │   │           comments.svg
    │   │           compact-disc.svg
    │   │           compass.svg
    │   │           compress-arrows-alt.svg
    │   │           compress.svg
    │   │           concierge-bell.svg
    │   │           cookie-bite.svg
    │   │           cookie.svg
    │   │           copy.svg
    │   │           copyright.svg
    │   │           couch.svg
    │   │           credit-card.svg
    │   │           crop-alt.svg
    │   │           crop.svg
    │   │           cross.svg
    │   │           crosshairs.svg
    │   │           crow.svg
    │   │           crown.svg
    │   │           crutch.svg
    │   │           cube.svg
    │   │           cubes.svg
    │   │           cut.svg
    │   │           database.svg
    │   │           deaf.svg
    │   │           democrat.svg
    │   │           desktop.svg
    │   │           dharmachakra.svg
    │   │           diagnoses.svg
    │   │           dice-d20.svg
    │   │           dice-d6.svg
    │   │           dice-five.svg
    │   │           dice-four.svg
    │   │           dice-one.svg
    │   │           dice-six.svg
    │   │           dice-three.svg
    │   │           dice-two.svg
    │   │           dice.svg
    │   │           digital-tachograph.svg
    │   │           directions.svg
    │   │           divide.svg
    │   │           dizzy.svg
    │   │           dna.svg
    │   │           dog.svg
    │   │           dollar-sign.svg
    │   │           dolly-flatbed.svg
    │   │           dolly.svg
    │   │           donate.svg
    │   │           door-closed.svg
    │   │           door-open.svg
    │   │           dot-circle.svg
    │   │           dove.svg
    │   │           download.svg
    │   │           drafting-compass.svg
    │   │           dragon.svg
    │   │           draw-polygon.svg
    │   │           drum-steelpan.svg
    │   │           drum.svg
    │   │           drumstick-bite.svg
    │   │           dumbbell.svg
    │   │           dumpster-fire.svg
    │   │           dumpster.svg
    │   │           dungeon.svg
    │   │           edit.svg
    │   │           egg.svg
    │   │           eject.svg
    │   │           ellipsis-h.svg
    │   │           ellipsis-v.svg
    │   │           envelope-open-text.svg
    │   │           envelope-open.svg
    │   │           envelope-square.svg
    │   │           envelope.svg
    │   │           equals.svg
    │   │           eraser.svg
    │   │           ethernet.svg
    │   │           euro-sign.svg
    │   │           exchange-alt.svg
    │   │           exclamation-circle.svg
    │   │           exclamation-triangle.svg
    │   │           exclamation.svg
    │   │           expand-arrows-alt.svg
    │   │           expand.svg
    │   │           external-link-alt.svg
    │   │           external-link-square-alt.svg
    │   │           eye-dropper.svg
    │   │           eye-slash.svg
    │   │           eye.svg
    │   │           fan.svg
    │   │           fast-backward.svg
    │   │           fast-forward.svg
    │   │           fax.svg
    │   │           feather-alt.svg
    │   │           feather.svg
    │   │           female.svg
    │   │           fighter-jet.svg
    │   │           file-alt.svg
    │   │           file-archive.svg
    │   │           file-audio.svg
    │   │           file-code.svg
    │   │           file-contract.svg
    │   │           file-csv.svg
    │   │           file-download.svg
    │   │           file-excel.svg
    │   │           file-export.svg
    │   │           file-image.svg
    │   │           file-import.svg
    │   │           file-invoice-dollar.svg
    │   │           file-invoice.svg
    │   │           file-medical-alt.svg
    │   │           file-medical.svg
    │   │           file-pdf.svg
    │   │           file-powerpoint.svg
    │   │           file-prescription.svg
    │   │           file-signature.svg
    │   │           file-upload.svg
    │   │           file-video.svg
    │   │           file-word.svg
    │   │           file.svg
    │   │           fill-drip.svg
    │   │           fill.svg
    │   │           film.svg
    │   │           filter.svg
    │   │           fingerprint.svg
    │   │           fire-alt.svg
    │   │           fire-extinguisher.svg
    │   │           fire.svg
    │   │           first-aid.svg
    │   │           fish.svg
    │   │           fist-raised.svg
    │   │           flag-checkered.svg
    │   │           flag-usa.svg
    │   │           flag.svg
    │   │           flask.svg
    │   │           flushed.svg
    │   │           folder-minus.svg
    │   │           folder-open.svg
    │   │           folder-plus.svg
    │   │           folder.svg
    │   │           font-awesome-logo-full.svg
    │   │           font.svg
    │   │           football-ball.svg
    │   │           forward.svg
    │   │           frog.svg
    │   │           frown-open.svg
    │   │           frown.svg
    │   │           funnel-dollar.svg
    │   │           futbol.svg
    │   │           gamepad.svg
    │   │           gas-pump.svg
    │   │           gavel.svg
    │   │           gem.svg
    │   │           genderless.svg
    │   │           ghost.svg
    │   │           gift.svg
    │   │           gifts.svg
    │   │           glass-cheers.svg
    │   │           glass-martini-alt.svg
    │   │           glass-martini.svg
    │   │           glass-whiskey.svg
    │   │           glasses.svg
    │   │           globe-africa.svg
    │   │           globe-americas.svg
    │   │           globe-asia.svg
    │   │           globe-europe.svg
    │   │           globe.svg
    │   │           golf-ball.svg
    │   │           gopuram.svg
    │   │           graduation-cap.svg
    │   │           greater-than-equal.svg
    │   │           greater-than.svg
    │   │           grimace.svg
    │   │           grin-alt.svg
    │   │           grin-beam-sweat.svg
    │   │           grin-beam.svg
    │   │           grin-hearts.svg
    │   │           grin-squint-tears.svg
    │   │           grin-squint.svg
    │   │           grin-stars.svg
    │   │           grin-tears.svg
    │   │           grin-tongue-squint.svg
    │   │           grin-tongue-wink.svg
    │   │           grin-tongue.svg
    │   │           grin-wink.svg
    │   │           grin.svg
    │   │           grip-horizontal.svg
    │   │           grip-lines-vertical.svg
    │   │           grip-lines.svg
    │   │           grip-vertical.svg
    │   │           guitar.svg
    │   │           h-square.svg
    │   │           hamburger.svg
    │   │           hammer.svg
    │   │           hamsa.svg
    │   │           hand-holding-heart.svg
    │   │           hand-holding-usd.svg
    │   │           hand-holding.svg
    │   │           hand-lizard.svg
    │   │           hand-middle-finger.svg
    │   │           hand-paper.svg
    │   │           hand-peace.svg
    │   │           hand-point-down.svg
    │   │           hand-point-left.svg
    │   │           hand-point-right.svg
    │   │           hand-point-up.svg
    │   │           hand-pointer.svg
    │   │           hand-rock.svg
    │   │           hand-scissors.svg
    │   │           hand-spock.svg
    │   │           hands-helping.svg
    │   │           hands.svg
    │   │           handshake.svg
    │   │           hanukiah.svg
    │   │           hard-hat.svg
    │   │           hashtag.svg
    │   │           hat-cowboy-side.svg
    │   │           hat-cowboy.svg
    │   │           hat-wizard.svg
    │   │           haykal.svg
    │   │           hdd.svg
    │   │           heading.svg
    │   │           headphones-alt.svg
    │   │           headphones.svg
    │   │           headset.svg
    │   │           heart-broken.svg
    │   │           heart.svg
    │   │           heartbeat.svg
    │   │           helicopter.svg
    │   │           highlighter.svg
    │   │           hiking.svg
    │   │           hippo.svg
    │   │           history.svg
    │   │           hockey-puck.svg
    │   │           holly-berry.svg
    │   │           home.svg
    │   │           horse-head.svg
    │   │           horse.svg
    │   │           hospital-alt.svg
    │   │           hospital-symbol.svg
    │   │           hospital.svg
    │   │           hot-tub.svg
    │   │           hotdog.svg
    │   │           hotel.svg
    │   │           hourglass-end.svg
    │   │           hourglass-half.svg
    │   │           hourglass-start.svg
    │   │           hourglass.svg
    │   │           house-damage.svg
    │   │           hryvnia.svg
    │   │           i-cursor.svg
    │   │           ice-cream.svg
    │   │           icicles.svg
    │   │           icons.svg
    │   │           id-badge.svg
    │   │           id-card-alt.svg
    │   │           id-card.svg
    │   │           igloo.svg
    │   │           image.svg
    │   │           images.svg
    │   │           inbox.svg
    │   │           indent.svg
    │   │           industry.svg
    │   │           infinity.svg
    │   │           info-circle.svg
    │   │           info.svg
    │   │           italic.svg
    │   │           jedi.svg
    │   │           joint.svg
    │   │           journal-whills.svg
    │   │           kaaba.svg
    │   │           key.svg
    │   │           keyboard.svg
    │   │           khanda.svg
    │   │           kiss-beam.svg
    │   │           kiss-wink-heart.svg
    │   │           kiss.svg
    │   │           kiwi-bird.svg
    │   │           landmark.svg
    │   │           language.svg
    │   │           laptop-code.svg
    │   │           laptop-medical.svg
    │   │           laptop.svg
    │   │           laugh-beam.svg
    │   │           laugh-squint.svg
    │   │           laugh-wink.svg
    │   │           laugh.svg
    │   │           layer-group.svg
    │   │           leaf.svg
    │   │           lemon.svg
    │   │           less-than-equal.svg
    │   │           less-than.svg
    │   │           level-down-alt.svg
    │   │           level-up-alt.svg
    │   │           life-ring.svg
    │   │           lightbulb.svg
    │   │           link.svg
    │   │           lira-sign.svg
    │   │           list-alt.svg
    │   │           list-ol.svg
    │   │           list-ul.svg
    │   │           list.svg
    │   │           location-arrow.svg
    │   │           lock-open.svg
    │   │           lock.svg
    │   │           long-arrow-alt-down.svg
    │   │           long-arrow-alt-left.svg
    │   │           long-arrow-alt-right.svg
    │   │           long-arrow-alt-up.svg
    │   │           low-vision.svg
    │   │           luggage-cart.svg
    │   │           magic.svg
    │   │           magnet.svg
    │   │           mail-bulk.svg
    │   │           male.svg
    │   │           map-marked-alt.svg
    │   │           map-marked.svg
    │   │           map-marker-alt.svg
    │   │           map-marker.svg
    │   │           map-pin.svg
    │   │           map-signs.svg
    │   │           map.svg
    │   │           marker.svg
    │   │           mars-double.svg
    │   │           mars-stroke-h.svg
    │   │           mars-stroke-v.svg
    │   │           mars-stroke.svg
    │   │           mars.svg
    │   │           mask.svg
    │   │           medal.svg
    │   │           medkit.svg
    │   │           meh-blank.svg
    │   │           meh-rolling-eyes.svg
    │   │           meh.svg
    │   │           memory.svg
    │   │           menorah.svg
    │   │           mercury.svg
    │   │           meteor.svg
    │   │           microchip.svg
    │   │           microphone-alt-slash.svg
    │   │           microphone-alt.svg
    │   │           microphone-slash.svg
    │   │           microphone.svg
    │   │           microscope.svg
    │   │           minus-circle.svg
    │   │           minus-square.svg
    │   │           minus.svg
    │   │           mitten.svg
    │   │           mobile-alt.svg
    │   │           mobile.svg
    │   │           money-bill-alt.svg
    │   │           money-bill-wave-alt.svg
    │   │           money-bill-wave.svg
    │   │           money-bill.svg
    │   │           money-check-alt.svg
    │   │           money-check.svg
    │   │           monument.svg
    │   │           moon.svg
    │   │           mortar-pestle.svg
    │   │           mosque.svg
    │   │           motorcycle.svg
    │   │           mountain.svg
    │   │           mouse-pointer.svg
    │   │           mouse.svg
    │   │           mug-hot.svg
    │   │           music.svg
    │   │           network-wired.svg
    │   │           neuter.svg
    │   │           newspaper.svg
    │   │           not-equal.svg
    │   │           notes-medical.svg
    │   │           object-group.svg
    │   │           object-ungroup.svg
    │   │           oil-can.svg
    │   │           om.svg
    │   │           otter.svg
    │   │           outdent.svg
    │   │           pager.svg
    │   │           paint-brush.svg
    │   │           paint-roller.svg
    │   │           palette.svg
    │   │           pallet.svg
    │   │           paper-plane.svg
    │   │           paperclip.svg
    │   │           parachute-box.svg
    │   │           paragraph.svg
    │   │           parking.svg
    │   │           passport.svg
    │   │           pastafarianism.svg
    │   │           paste.svg
    │   │           pause-circle.svg
    │   │           pause.svg
    │   │           paw.svg
    │   │           peace.svg
    │   │           pen-alt.svg
    │   │           pen-fancy.svg
    │   │           pen-nib.svg
    │   │           pen-square.svg
    │   │           pen.svg
    │   │           pencil-alt.svg
    │   │           pencil-ruler.svg
    │   │           people-carry.svg
    │   │           pepper-hot.svg
    │   │           percent.svg
    │   │           percentage.svg
    │   │           person-booth.svg
    │   │           phone-alt.svg
    │   │           phone-slash.svg
    │   │           phone-square-alt.svg
    │   │           phone-square.svg
    │   │           phone-volume.svg
    │   │           phone.svg
    │   │           photo-video.svg
    │   │           piggy-bank.svg
    │   │           pills.svg
    │   │           pizza-slice.svg
    │   │           place-of-worship.svg
    │   │           plane-arrival.svg
    │   │           plane-departure.svg
    │   │           plane.svg
    │   │           play-circle.svg
    │   │           play.svg
    │   │           plug.svg
    │   │           plus-circle.svg
    │   │           plus-square.svg
    │   │           plus.svg
    │   │           podcast.svg
    │   │           poll-h.svg
    │   │           poll.svg
    │   │           poo-storm.svg
    │   │           poo.svg
    │   │           poop.svg
    │   │           portrait.svg
    │   │           pound-sign.svg
    │   │           power-off.svg
    │   │           pray.svg
    │   │           praying-hands.svg
    │   │           prescription-bottle-alt.svg
    │   │           prescription-bottle.svg
    │   │           prescription.svg
    │   │           print.svg
    │   │           procedures.svg
    │   │           project-diagram.svg
    │   │           puzzle-piece.svg
    │   │           qrcode.svg
    │   │           question-circle.svg
    │   │           question.svg
    │   │           quidditch.svg
    │   │           quote-left.svg
    │   │           quote-right.svg
    │   │           quran.svg
    │   │           radiation-alt.svg
    │   │           radiation.svg
    │   │           rainbow.svg
    │   │           random.svg
    │   │           receipt.svg
    │   │           record-vinyl.svg
    │   │           recycle.svg
    │   │           redo-alt.svg
    │   │           redo.svg
    │   │           registered.svg
    │   │           remove-format.svg
    │   │           reply-all.svg
    │   │           reply.svg
    │   │           republican.svg
    │   │           restroom.svg
    │   │           retweet.svg
    │   │           ribbon.svg
    │   │           ring.svg
    │   │           road.svg
    │   │           robot.svg
    │   │           rocket.svg
    │   │           route.svg
    │   │           rss-square.svg
    │   │           rss.svg
    │   │           ruble-sign.svg
    │   │           ruler-combined.svg
    │   │           ruler-horizontal.svg
    │   │           ruler-vertical.svg
    │   │           ruler.svg
    │   │           running.svg
    │   │           rupee-sign.svg
    │   │           sad-cry.svg
    │   │           sad-tear.svg
    │   │           satellite-dish.svg
    │   │           satellite.svg
    │   │           save.svg
    │   │           school.svg
    │   │           screwdriver.svg
    │   │           scroll.svg
    │   │           sd-card.svg
    │   │           search-dollar.svg
    │   │           search-location.svg
    │   │           search-minus.svg
    │   │           search-plus.svg
    │   │           search.svg
    │   │           seedling.svg
    │   │           server.svg
    │   │           shapes.svg
    │   │           share-alt-square.svg
    │   │           share-alt.svg
    │   │           share-square.svg
    │   │           share.svg
    │   │           shekel-sign.svg
    │   │           shield-alt.svg
    │   │           ship.svg
    │   │           shipping-fast.svg
    │   │           shoe-prints.svg
    │   │           shopping-bag.svg
    │   │           shopping-basket.svg
    │   │           shopping-cart.svg
    │   │           shower.svg
    │   │           shuttle-van.svg
    │   │           sign-in-alt.svg
    │   │           sign-language.svg
    │   │           sign-out-alt.svg
    │   │           sign.svg
    │   │           signal.svg
    │   │           signature.svg
    │   │           sim-card.svg
    │   │           sitemap.svg
    │   │           skating.svg
    │   │           skiing-nordic.svg
    │   │           skiing.svg
    │   │           skull-crossbones.svg
    │   │           skull.svg
    │   │           slash.svg
    │   │           sleigh.svg
    │   │           sliders-h.svg
    │   │           smile-beam.svg
    │   │           smile-wink.svg
    │   │           smile.svg
    │   │           smog.svg
    │   │           smoking-ban.svg
    │   │           smoking.svg
    │   │           sms.svg
    │   │           snowboarding.svg
    │   │           snowflake.svg
    │   │           snowman.svg
    │   │           snowplow.svg
    │   │           socks.svg
    │   │           solar-panel.svg
    │   │           sort-alpha-down-alt.svg
    │   │           sort-alpha-down.svg
    │   │           sort-alpha-up-alt.svg
    │   │           sort-alpha-up.svg
    │   │           sort-amount-down-alt.svg
    │   │           sort-amount-down.svg
    │   │           sort-amount-up-alt.svg
    │   │           sort-amount-up.svg
    │   │           sort-down.svg
    │   │           sort-numeric-down-alt.svg
    │   │           sort-numeric-down.svg
    │   │           sort-numeric-up-alt.svg
    │   │           sort-numeric-up.svg
    │   │           sort-up.svg
    │   │           sort.svg
    │   │           spa.svg
    │   │           space-shuttle.svg
    │   │           spell-check.svg
    │   │           spider.svg
    │   │           spinner.svg
    │   │           splotch.svg
    │   │           spray-can.svg
    │   │           square-full.svg
    │   │           square-root-alt.svg
    │   │           square.svg
    │   │           stamp.svg
    │   │           star-and-crescent.svg
    │   │           star-half-alt.svg
    │   │           star-half.svg
    │   │           star-of-david.svg
    │   │           star-of-life.svg
    │   │           star.svg
    │   │           step-backward.svg
    │   │           step-forward.svg
    │   │           stethoscope.svg
    │   │           sticky-note.svg
    │   │           stop-circle.svg
    │   │           stop.svg
    │   │           stopwatch.svg
    │   │           store-alt.svg
    │   │           store.svg
    │   │           stream.svg
    │   │           street-view.svg
    │   │           strikethrough.svg
    │   │           stroopwafel.svg
    │   │           subscript.svg
    │   │           subway.svg
    │   │           suitcase-rolling.svg
    │   │           suitcase.svg
    │   │           sun.svg
    │   │           superscript.svg
    │   │           surprise.svg
    │   │           swatchbook.svg
    │   │           swimmer.svg
    │   │           swimming-pool.svg
    │   │           synagogue.svg
    │   │           sync-alt.svg
    │   │           sync.svg
    │   │           syringe.svg
    │   │           table-tennis.svg
    │   │           table.svg
    │   │           tablet-alt.svg
    │   │           tablet.svg
    │   │           tablets.svg
    │   │           tachometer-alt.svg
    │   │           tag.svg
    │   │           tags.svg
    │   │           tape.svg
    │   │           tasks.svg
    │   │           taxi.svg
    │   │           teeth-open.svg
    │   │           teeth.svg
    │   │           temperature-high.svg
    │   │           temperature-low.svg
    │   │           tenge.svg
    │   │           terminal.svg
    │   │           text-height.svg
    │   │           text-width.svg
    │   │           th-large.svg
    │   │           th-list.svg
    │   │           th.svg
    │   │           theater-masks.svg
    │   │           thermometer-empty.svg
    │   │           thermometer-full.svg
    │   │           thermometer-half.svg
    │   │           thermometer-quarter.svg
    │   │           thermometer-three-quarters.svg
    │   │           thermometer.svg
    │   │           thumbs-down.svg
    │   │           thumbs-up.svg
    │   │           thumbtack.svg
    │   │           ticket-alt.svg
    │   │           times-circle.svg
    │   │           times.svg
    │   │           tint-slash.svg
    │   │           tint.svg
    │   │           tired.svg
    │   │           toggle-off.svg
    │   │           toggle-on.svg
    │   │           toilet-paper.svg
    │   │           toilet.svg
    │   │           toolbox.svg
    │   │           tools.svg
    │   │           tooth.svg
    │   │           torah.svg
    │   │           torii-gate.svg
    │   │           tractor.svg
    │   │           trademark.svg
    │   │           traffic-light.svg
    │   │           train.svg
    │   │           tram.svg
    │   │           transgender-alt.svg
    │   │           transgender.svg
    │   │           trash-alt.svg
    │   │           trash-restore-alt.svg
    │   │           trash-restore.svg
    │   │           trash.svg
    │   │           tree.svg
    │   │           trophy.svg
    │   │           truck-loading.svg
    │   │           truck-monster.svg
    │   │           truck-moving.svg
    │   │           truck-pickup.svg
    │   │           truck.svg
    │   │           tshirt.svg
    │   │           tty.svg
    │   │           tv.svg
    │   │           umbrella-beach.svg
    │   │           umbrella.svg
    │   │           underline.svg
    │   │           undo-alt.svg
    │   │           undo.svg
    │   │           universal-access.svg
    │   │           university.svg
    │   │           unlink.svg
    │   │           unlock-alt.svg
    │   │           unlock.svg
    │   │           upload.svg
    │   │           user-alt-slash.svg
    │   │           user-alt.svg
    │   │           user-astronaut.svg
    │   │           user-check.svg
    │   │           user-circle.svg
    │   │           user-clock.svg
    │   │           user-cog.svg
    │   │           user-edit.svg
    │   │           user-friends.svg
    │   │           user-graduate.svg
    │   │           user-injured.svg
    │   │           user-lock.svg
    │   │           user-md.svg
    │   │           user-minus.svg
    │   │           user-ninja.svg
    │   │           user-nurse.svg
    │   │           user-plus.svg
    │   │           user-secret.svg
    │   │           user-shield.svg
    │   │           user-slash.svg
    │   │           user-tag.svg
    │   │           user-tie.svg
    │   │           user-times.svg
    │   │           user.svg
    │   │           users-cog.svg
    │   │           users.svg
    │   │           utensil-spoon.svg
    │   │           utensils.svg
    │   │           vector-square.svg
    │   │           venus-double.svg
    │   │           venus-mars.svg
    │   │           venus.svg
    │   │           vial.svg
    │   │           vials.svg
    │   │           video-slash.svg
    │   │           video.svg
    │   │           vihara.svg
    │   │           voicemail.svg
    │   │           volleyball-ball.svg
    │   │           volume-down.svg
    │   │           volume-mute.svg
    │   │           volume-off.svg
    │   │           volume-up.svg
    │   │           vote-yea.svg
    │   │           vr-cardboard.svg
    │   │           walking.svg
    │   │           wallet.svg
    │   │           warehouse.svg
    │   │           water.svg
    │   │           wave-square.svg
    │   │           weight-hanging.svg
    │   │           weight.svg
    │   │           wheelchair.svg
    │   │           wifi.svg
    │   │           wind.svg
    │   │           window-close.svg
    │   │           window-maximize.svg
    │   │           window-minimize.svg
    │   │           window-restore.svg
    │   │           wine-bottle.svg
    │   │           wine-glass-alt.svg
    │   │           wine-glass.svg
    │   │           won-sign.svg
    │   │           wrench.svg
    │   │           x-ray.svg
    │   │           yen-sign.svg
    │   │           yin-yang.svg
    │   │           
    │   └───webfonts
    │           fa-brands-400.eot
    │           fa-brands-400.svg
    │           fa-brands-400.ttf
    │           fa-brands-400.woff
    │           fa-brands-400.woff2
    │           fa-regular-400.eot
    │           fa-regular-400.svg
    │           fa-regular-400.ttf
    │           fa-regular-400.woff
    │           fa-regular-400.woff2
    │           fa-solid-900.eot
    │           fa-solid-900.svg
    │           fa-solid-900.ttf
    │           fa-solid-900.woff
    │           fa-solid-900.woff2
    │           
    ├───fonts
    │       Agustina.woff
    │       Cookie-Regular.ttf
    │       GoogleSans-Bold.ttf
    │       GoogleSans-BoldItalic.ttf
    │       GoogleSans-Italic.ttf
    │       GoogleSans-Medium.ttf
    │       GoogleSans-MediumItalic.ttf
    │       GoogleSans-Regular.ttf
    │       
    ├───images
    │   │   favicon.png
    │   │   favicon.svg
    │   │   Moje_foto.svg
    │   │   profile-lg.jpg
    │   │   profile.png
    │   │   promo-banner.jpg
    │   │   resume-profile.png
    │   │   
    │   ├───blog
    │   │       blog-post-banner.jpg
    │   │       blog-post-thumb-1.jpg
    │   │       blog-post-thumb-2.jpg
    │   │       blog-post-thumb-3.jpg
    │   │       blog-post-thumb-4.jpg
    │   │       blog-post-thumb-5.jpg
    │   │       blog-post-thumb-6.jpg
    │   │       blog-post-thumb-card-1.jpg
    │   │       blog-post-thumb-card-2.jpg
    │   │       blog-post-thumb-card-3.jpg
    │   │       blog-post-thumb-card-4.jpg
    │   │       blog-post-thumb-card-5.jpg
    │   │       blog-post-thumb-card-6.jpg
    │   │       
    │   ├───clients
    │   │       profile-1.png
    │   │       profile-2.png
    │   │       profile-3.png
    │   │       profile-4.png
    │   │       profile-5.png
    │   │       profile-6.png
    │   │       profile.png
    │   │       
    │   ├───favicon
    │   │       about.svg
    │   │       
    │   └───project
    │           project-1.jpg
    │           project-2.jpg
    │           project-3.jpg
    │           project-4.jpg
    │           project-5.jpg
    │           project-6.jpg
    │           project-7.jpg
    │           project-8.jpg
    │           project-figure-1.jpg
    │           project-figure-2.jpg
    │           
    ├───js
    │       blog.js
    │       isotope-custom.js
    │       pricing.js
    │       testimonials.js
    │       
    └───plugins
        │   imagesloaded.pkgd.min.js
        │   isotope.pkgd.min.js
        │   js-cookie.min.js
        │   popper.min.js
        │   
        ├───bootstrap
        │   ├───js
        │   │   │   alert.js
        │   │   │   alert.js.map
        │   │   │   base-component.js
        │   │   │   base-component.js.map
        │   │   │   bootstrap.min.js
        │   │   │   button.js
        │   │   │   button.js.map
        │   │   │   carousel.js
        │   │   │   carousel.js.map
        │   │   │   collapse.js
        │   │   │   collapse.js.map
        │   │   │   dropdown.js
        │   │   │   dropdown.js.map
        │   │   │   modal.js
        │   │   │   modal.js.map
        │   │   │   offcanvas.js
        │   │   │   offcanvas.js.map
        │   │   │   popover.js
        │   │   │   popover.js.map
        │   │   │   scrollspy.js
        │   │   │   scrollspy.js.map
        │   │   │   tab.js
        │   │   │   tab.js.map
        │   │   │   toast.js
        │   │   │   toast.js.map
        │   │   │   tooltip.js
        │   │   │   tooltip.js.map
        │   │   │   
        │   │   └───dom
        │   │           data.js
        │   │           data.js.map
        │   │           event-handler.js
        │   │           event-handler.js.map
        │   │           manipulator.js
        │   │           manipulator.js.map
        │   │           selector-engine.js
        │   │           selector-engine.js.map
        │   │           
        │   └───scss
        │       │   bootstrap-grid.scss
        │       │   bootstrap-reboot.scss
        │       │   bootstrap-utilities.scss
        │       │   bootstrap.scss
        │       │   _accordion.scss
        │       │   _alert.scss
        │       │   _badge.scss
        │       │   _breadcrumb.scss
        │       │   _button-group.scss
        │       │   _buttons.scss
        │       │   _card.scss
        │       │   _carousel.scss
        │       │   _close.scss
        │       │   _containers.scss
        │       │   _dropdown.scss
        │       │   _forms.scss
        │       │   _functions.scss
        │       │   _grid.scss
        │       │   _helpers.scss
        │       │   _images.scss
        │       │   _list-group.scss
        │       │   _mixins.scss
        │       │   _modal.scss
        │       │   _nav.scss
        │       │   _navbar.scss
        │       │   _offcanvas.scss
        │       │   _pagination.scss
        │       │   _popover.scss
        │       │   _progress.scss
        │       │   _reboot.scss
        │       │   _root.scss
        │       │   _spinners.scss
        │       │   _tables.scss
        │       │   _toasts.scss
        │       │   _tooltip.scss
        │       │   _transitions.scss
        │       │   _type.scss
        │       │   _utilities.scss
        │       │   _variables.scss
        │       │   
        │       ├───forms
        │       │       _floating-labels.scss
        │       │       _form-check.scss
        │       │       _form-control.scss
        │       │       _form-range.scss
        │       │       _form-select.scss
        │       │       _form-text.scss
        │       │       _input-group.scss
        │       │       _labels.scss
        │       │       _validation.scss
        │       │       
        │       ├───helpers
        │       │       _clearfix.scss
        │       │       _colored-links.scss
        │       │       _position.scss
        │       │       _ratio.scss
        │       │       _stretched-link.scss
        │       │       _text-truncation.scss
        │       │       _visually-hidden.scss
        │       │       
        │       ├───mixins
        │       │       _alert.scss
        │       │       _border-radius.scss
        │       │       _box-shadow.scss
        │       │       _breakpoints.scss
        │       │       _buttons.scss
        │       │       _caret.scss
        │       │       _clearfix.scss
        │       │       _color-scheme.scss
        │       │       _container.scss
        │       │       _deprecate.scss
        │       │       _forms.scss
        │       │       _gradients.scss
        │       │       _grid.scss
        │       │       _image.scss
        │       │       _list-group.scss
        │       │       _lists.scss
        │       │       _pagination.scss
        │       │       _reset-text.scss
        │       │       _resize.scss
        │       │       _table-variants.scss
        │       │       _text-truncate.scss
        │       │       _transition.scss
        │       │       _utilities.scss
        │       │       _visually-hidden.scss
        │       │       
        │       ├───utilities
        │       │       _api.scss
        │       │       
        │       └───vendor
        │               _rfs.scss
        │               
        ├───highlight
        │   └───styles
        │           monokai-sublime.css
        │           
        └───tiny-slider
            │   tiny-slider.css
            │   tiny-slider.helper.ie8.js
            │   tiny-slider.js
            │   
            ├───min
            │       tiny-slider.helper.ie8.js
            │       tiny-slider.js
            │       
            └───sourcemaps
                    tiny-slider.css.map
                    tiny-slider.helper.ie8.js.map
                    tiny-slider.js.map
                    
