3/31/2023 12:38:14 PM [NORMAL] - Visual Studio Code v1.76.2 64-bit
3/31/2023 12:38:14 PM [NORMAL] - PowerShell Extension v2023.3.3
3/31/2023 12:38:16 PM [NORMAL] - Language server starting --
3/31/2023 12:38:16 PM [NORMAL] - pwsh.exe started.
3/31/2023 12:38:14 PM [NORMAL] - Operating System: Windows 64-bit
3/31/2023 12:38:16 PM [NORMAL] -     PowerShell executable: C:\Program Files\PowerShell\7\pwsh.exe
3/31/2023 12:38:16 PM [NORMAL] - Waiting for session file...
3/31/2023 12:38:16 PM [NORMAL] -     PowerShell args: -NoProfile -ExecutionPolicy Bypass -Command Import-Module 'c:\Users\philip\.vscode\extensions\ms-vscode.powershell-2023.3.3\modules\PowerShellEditorServices\PowerShellEditorServices.psd1'; Start-EditorServices -HostName 'Visual Studio Code Host' -HostProfileId 'Microsoft.VSCode' -HostVersion '2023.3.3' -AdditionalModules @('PowerShellEditorServices.VSCode') -BundledModulesPath 'c:\Users\philip\.vscode\extensions\ms-vscode.powershell-2023.3.3\modules' -EnableConsoleRepl -StartupBanner "PowerShell Extension v2023.3.3
Copyright (c) Microsoft Corporation.

https://aka.ms/vscode-powershell
Type 'help' to get help.
" -LogLevel 'Normal' -LogPath 'c:\Users\philip\AppData\Roaming\Code\User\globalStorage\ms-vscode.powershell\logs\1680259094-048307f2-e295-4244-9e9c-a5d7b8ec8c911680259091866\EditorServices.log' -SessionDetailsPath 'c:\Users\philip\AppData\Roaming\Code\User\globalStorage\ms-vscode.powershell\sessions\PSES-VSCode-16972-377126.json' -FeatureFlags @() 
3/31/2023 12:38:16 PM [NORMAL] -     PowerShell Editor Services args: Import-Module 'c:\Users\philip\.vscode\extensions\ms-vscode.powershell-2023.3.3\modules\PowerShellEditorServices\PowerShellEditorServices.psd1'; Start-EditorServices -HostName 'Visual Studio Code Host' -HostProfileId 'Microsoft.VSCode' -HostVersion '2023.3.3' -AdditionalModules @('PowerShellEditorServices.VSCode') -BundledModulesPath 'c:\Users\philip\.vscode\extensions\ms-vscode.powershell-2023.3.3\modules' -EnableConsoleRepl -StartupBanner "PowerShell Extension v2023.3.3
Copyright (c) Microsoft Corporation.

https://aka.ms/vscode-powershell
Type 'help' to get help.
" -LogLevel 'Normal' -LogPath 'c:\Users\philip\AppData\Roaming\Code\User\globalStorage\ms-vscode.powershell\logs\1680259094-048307f2-e295-4244-9e9c-a5d7b8ec8c911680259091866\EditorServices.log' -SessionDetailsPath 'c:\Users\philip\AppData\Roaming\Code\User\globalStorage\ms-vscode.powershell\sessions\PSES-VSCode-16972-377126.json' -FeatureFlags @() 
3/31/2023 12:38:18 PM [NORMAL] - Session file found!
3/31/2023 12:38:18 PM [NORMAL] - pwsh.exe PID: 2468
3/31/2023 12:38:18 PM [NORMAL] - Language service socket connected.
3/31/2023 12:38:18 PM [NORMAL] - Language server started.
3/31/2023 12:38:18 PM [NORMAL] - Connecting to language service on pipe: \\.\pipe\PSES_yjtyagrb.tv5
3/31/2023 12:38:18 PM [NORMAL] - Session details: {"status":"started","languageServiceTransport":"NamedPipe","languageServicePipeName":"\\\\.\\pipe\\PSES_yjtyagrb.tv5","debugServiceTransport":"NamedPipe","debugServicePipeName":"\\\\.\\pipe\\PSES_fkew4rv1.xs5"}
3/31/2023 12:39:55 PM [NORMAL] - powershell.exe terminated or terminal UI was closed
