15. 2. 2023 21:43:25 [NORMAL] - Visual Studio Code v1.74.3 64-bit
15. 2. 2023 21:43:26 [NORMAL] - Language server starting --
15. 2. 2023 21:43:26 [NORMAL] -     PowerShell executable: C:\Program Files\PowerShell\7\pwsh.exe
15. 2. 2023 21:43:25 [NORMAL] - PowerShell Extension v2023.1.0
15. 2. 2023 21:43:26 [NORMAL] -     PowerShell args: -NoProfile -ExecutionPolicy Bypass -Command Import-Module 'c:\Users\philip\.vscode\extensions\ms-vscode.powershell-2023.1.0\modules\PowerShellEditorServices\PowerShellEditorServices.psd1'; Start-EditorServices -HostName 'Visual Studio Code Host' -HostProfileId 'Microsoft.VSCode' -HostVersion '2023.1.0' -AdditionalModules @('PowerShellEditorServices.VSCode') -BundledModulesPath 'c:\Users\philip\.vscode\extensions\ms-vscode.powershell-2023.1.0\modules' -EnableConsoleRepl -StartupBanner "PowerShell Extension v2023.1.0
Copyright (c) Microsoft Corporation.

https://aka.ms/vscode-powershell
Type 'help' to get help.
" -LogLevel 'Normal' -LogPath 'c:\Users\philip\AppData\Roaming\Code\User\globalStorage\ms-vscode.powershell\logs\1676493805-99f34119-1cca-4fc7-9f71-a1d7ebeab2b41676493802595\EditorServices.log' -SessionDetailsPath 'c:\Users\philip\AppData\Roaming\Code\User\globalStorage\ms-vscode.powershell\sessions\PSES-VSCode-14568-674645.json' -FeatureFlags @() 
15. 2. 2023 21:43:26 [NORMAL] -     PowerShell Editor Services args: Import-Module 'c:\Users\philip\.vscode\extensions\ms-vscode.powershell-2023.1.0\modules\PowerShellEditorServices\PowerShellEditorServices.psd1'; Start-EditorServices -HostName 'Visual Studio Code Host' -HostProfileId 'Microsoft.VSCode' -HostVersion '2023.1.0' -AdditionalModules @('PowerShellEditorServices.VSCode') -BundledModulesPath 'c:\Users\philip\.vscode\extensions\ms-vscode.powershell-2023.1.0\modules' -EnableConsoleRepl -StartupBanner "PowerShell Extension v2023.1.0
Copyright (c) Microsoft Corporation.

https://aka.ms/vscode-powershell
Type 'help' to get help.
" -LogLevel 'Normal' -LogPath 'c:\Users\philip\AppData\Roaming\Code\User\globalStorage\ms-vscode.powershell\logs\1676493805-99f34119-1cca-4fc7-9f71-a1d7ebeab2b41676493802595\EditorServices.log' -SessionDetailsPath 'c:\Users\philip\AppData\Roaming\Code\User\globalStorage\ms-vscode.powershell\sessions\PSES-VSCode-14568-674645.json' -FeatureFlags @() 
15. 2. 2023 21:43:25 [NORMAL] - Operating System: Windows 64-bit
15. 2. 2023 21:43:26 [NORMAL] - pwsh.exe started.
15. 2. 2023 21:43:26 [NORMAL] - Waiting for session file...
15. 2. 2023 21:43:28 [NORMAL] - Session file found!
15. 2. 2023 21:43:28 [NORMAL] - pwsh.exe PID: 8344
15. 2. 2023 21:43:28 [NORMAL] - Language server started.
15. 2. 2023 21:43:28 [NORMAL] - Connecting to language service on pipe: \\.\pipe\PSES_cfhe24hd.uix
15. 2. 2023 21:43:28 [NORMAL] - Session details: {"status":"started","languageServiceTransport":"NamedPipe","languageServicePipeName":"\\\\.\\pipe\\PSES_cfhe24hd.uix","debugServiceTransport":"NamedPipe","debugServicePipeName":"\\\\.\\pipe\\PSES_bvvmr4od.eki"}
15. 2. 2023 21:43:28 [NORMAL] - Language service socket connected.
