my-project/
├── app/
│   ├── Http/
│   │   ├── Controllers/
│   │   ├── Middleware/
│   │   ├── ...
│   ├── Providers/
│   ├── ...
├── bootstrap/
├── config/
├── database/
├── public/
│   ├── css/
│   ├── js/
│   ├── img/
│   ├── ...
├── resources/
│   ├── js/
│   │   ├── components/
│   │   ├── views/
│   │   ├── utilities
│   │   │   ├── bootstrap/somemcomponent.js
│   │   │   ├── fontawesome/somemcomponent.js
│   │   ├── app.js
│   ├── scss/
│   │   ├── base/
│   │   ├── components/
│   │   ├── layouts/
│   │   ├── pages/
│   │   ├── utilities
│   │   │   ├── bootstrap/somemixin.scss
│   │   │   ├── fontawesome/somemixin.scss
│   ├── svg/
│   │   ├── utilities
│   │   │   ├── bootstrap/something.svg
│   │   │   ├── fontawesome/something.svg
│   │   └── fontawesome
│   │   ├── styles.scss
│   ├── views/
│   │   ├── ...
│   ├── ...
├── routes/
├── storage/
├── tests/
├── vendor/
├── .env
├── .env.example
├── .gitignore
├── composer.json
├── composer.lock
├── package.json
├── webpack.mix.js
└── README.md